current directory: /Users/oharamasaki/workspace/Players-Serach/gems/puma-5.6.7/ext/puma_http11
/Users/oharamasaki/.rbenv/versions/3.1.2/bin/ruby -I /Users/oharamasaki/.rbenv/versions/3.1.2/lib/ruby/site_ruby/3.1.0 -r ./siteconf20231114-54825-64rfi0.rb extconf.rb
checking for BIO_read() in -lcrypto... yes
checking for SSL_CTX_new() in -lssl... yes
checking for openssl/bio.h... yes
checking for DTLS_method() in openssl/ssl.h... yes
checking for TLS_server_method() in openssl/ssl.h... yes
checking for SSL_CTX_set_min_proto_version(NULL, 0) in openssl/ssl.h... yes
checking for X509_STORE_up_ref()... yes
checking for SSL_CTX_set_ecdh_auto(NULL, 0) in openssl/ssl.h... yes
checking for SSL_CTX_set_dh_auto(NULL, 0) in openssl/ssl.h... yes
checking for SSL_get1_peer_certificate() in openssl/ssl.h... yes
checking for Random.bytes... yes
creating Makefile

current directory: /Users/oharamasaki/workspace/Players-Serach/gems/puma-5.6.7/ext/puma_http11
make DESTDIR\= clean

current directory: /Users/oharamasaki/workspace/Players-Serach/gems/puma-5.6.7/ext/puma_http11
make DESTDIR\=
compiling http11_parser.c
compiling mini_ssl.c
compiling puma_http11.c
linking shared-object puma/puma_http11.bundle
ld: warning: -multiply_defined is obsolete

current directory: /Users/oharamasaki/workspace/Players-Serach/gems/puma-5.6.7/ext/puma_http11
make DESTDIR\= install
/usr/local/bin/ginstall -c -m 0755 puma_http11.bundle ./.gem.20231114-54825-3rkirj/puma
