current directory: /Users/oharamasaki/workspace/Players-Serach/gems/msgpack-1.6.0/ext/msgpack
/Users/oharamasaki/.rbenv/versions/3.1.2/bin/ruby -I /Users/oharamasaki/.rbenv/versions/3.1.2/lib/ruby/site_ruby/3.1.0 -r ./siteconf20231114-42642-wr5qvi.rb extconf.rb
checking for ruby/st.h... yes
checking for st.h... no
checking for rb_enc_interned_str() in ruby.h... yes
checking for rb_hash_new_capa() in ruby.h... no
creating Makefile

current directory: /Users/oharamasaki/workspace/Players-Serach/gems/msgpack-1.6.0/ext/msgpack
make DESTDIR\= clean

current directory: /Users/oharamasaki/workspace/Players-Serach/gems/msgpack-1.6.0/ext/msgpack
make DESTDIR\=
compiling buffer.c
compiling buffer_class.c
compiling extension_value_class.c
compiling factory_class.c
compiling packer.c
compiling packer_class.c
compiling packer_ext_registry.c
compiling rbinit.c
compiling rmem.c
compiling unpacker.c
compiling unpacker_class.c
compiling unpacker_ext_registry.c
linking shared-object msgpack/msgpack.bundle
ld: warning: -multiply_defined is obsolete

current directory: /Users/oharamasaki/workspace/Players-Serach/gems/msgpack-1.6.0/ext/msgpack
make DESTDIR\= install
/usr/local/bin/ginstall -c -m 0755 msgpack.bundle ./.gem.20231114-42642-u1kqiv/msgpack
